

FATAL ERROR:  Unhandled Access Violation Reading 0x0040 Exception at e0120af0h

05/29/2014 at 16:25:34.036  Drawing: Drawing1.dwg
-------------


FATAL ERROR:  Unhandled Access Violation Reading 0x0040 Exception at e3bb0af0h

05/29/2014 at 16:41:35.371  Drawing: C:\Users\emmanuel\Desktop\emmanuel\testepolilinha.dwg
-------------


FATAL ERROR:  Unhandled Access Violation Reading 0x0040 Exception at e0530af0h

05/29/2014 at 16:46:49.989  Drawing: C:\Users\emmanuel\Desktop\emmanuel\testepolilinha.dwg
-------------


FATAL ERROR:  Unhandled Access Violation Reading 0x0040 Exception at e0120af0h

05/29/2014 at 17:03:19.545  Drawing: C:\Users\emmanuel\Desktop\emmanuel\testepolilinha.dwg
-------------


FATAL ERROR:  Unhandled Access Violation Reading 0x0040 Exception at e0120af0h

05/29/2014 at 17:05:38.414  Drawing: C:\Users\emmanuel\Desktop\emmanuel\testepolilinha.dwg
-------------


FATAL ERROR:  Unhandled Access Violation Reading 0x0040 Exception at e0530af0h

05/29/2014 at 17:07:12.867  Drawing: C:\Users\emmanuel\Desktop\emmanuel\testepolilinha.dwg
-------------


FATAL ERROR:  Unhandled Access Violation Reading 0x0040 Exception at e0120af0h

05/29/2014 at 17:10:37.968  Drawing: C:\Users\emmanuel\Desktop\emmanuel\testepolilinha.dwg
-------------


FATAL ERROR:  Unhandled Access Violation Reading 0x0040 Exception at e1020af0h

05/30/2014 at 09:31:44.845  Drawing: C:\Users\emmanuel\Desktop\emmanuel\testepolilinha.dwg
-------------


INTERNAL ERROR:  !dbobji.cpp@8743: eNotOpenForWrite

06/09/2014 at 11:29:21.808  Drawing: C:\Users\emmanuel\Desktop\polilinha2.dwg
-------------
